<?xml version="1.0" encoding="UTF-8"?>
<!-- Generated by org.testng.reporters.JUnitXMLReporter -->
<testsuite hostname="Prem4341" ignored="1" name="Default test" tests="4" failures="0" timestamp="18 Nov 2018 03:51:54 GMT" time="0.076" errors="0">
  <testcase name="skipTest" time="0.017" classname="test_Priority.TestPriority">
    <skipped/>
  </testcase> <!-- skipTest -->
  <testcase name="test_qa" time="0.002" classname="test_Priority.TestPriority"/>
  <testcase name="test1" time="0.002" classname="test_Priority.TestPriority"/>
  <testcase name="test2" time="0.0" classname="test_Priority.TestPriority"/>
  <testcase name="test4" time="0.0" classname="test_Priority.TestPriority">
    <ignored/>
  </testcase> <!-- test4 -->
</testsuite> <!-- Default test -->
