<?xml version="1.0" encoding="UTF-8"?>
<!-- Generated by org.testng.reporters.JUnitXMLReporter -->
<testsuite hostname="Prem4341" ignored="6" name="Test" tests="1" failures="0" timestamp="18 Nov 2018 03:58:50 GMT" time="0.05" errors="0">
  <testcase name="test" time="0.017" classname="test_groupDependsOn.GroupDependsOn2"/>
  <testcase name="test1" time="0.0" classname="test_groupDependsOn.GroupDependsOn">
    <ignored/>
  </testcase> <!-- test1 -->
  <testcase name="changepass" time="0.0" classname="test_groupDependsOn.GroupDependsOn">
    <ignored/>
  </testcase> <!-- changepass -->
  <testcase name="test4" time="0.0" classname="test_groupDependsOn.GroupDependsOn">
    <ignored/>
  </testcase> <!-- test4 -->
  <testcase name="test2" time="0.0" classname="test_groupDependsOn.GroupDependsOn">
    <ignored/>
  </testcase> <!-- test2 -->
  <testcase name="test3" time="0.0" classname="test_groupDependsOn.GroupDependsOn">
    <ignored/>
  </testcase> <!-- test3 -->
  <testcase name="loginn" time="0.0" classname="test_groupDependsOn.GroupDependsOn">
    <ignored/>
  </testcase> <!-- loginn -->
</testsuite> <!-- Test -->
