<?xml version="1.0" encoding="UTF-8"?>
<testng-results skipped="0" failed="0" ignored="6" total="7" passed="1">
  <reporter-output>
  </reporter-output>
  <suite name="Suite" duration-ms="50" started-at="2018-11-18T03:58:49Z" finished-at="2018-11-18T03:58:50Z">
    <groups>
      <group name="sanitySuite">
        <method signature="GroupDependsOn2.test()[pri:0, instance:test_groupDependsOn.GroupDependsOn2@5b275dab]" name="test" class="test_groupDependsOn.GroupDependsOn2"/>
      </group> <!-- sanitySuite -->
      <group name="smokeSuite">
        <method signature="GroupDependsOn2.test()[pri:0, instance:test_groupDependsOn.GroupDependsOn2@5b275dab]" name="test" class="test_groupDependsOn.GroupDependsOn2"/>
      </group> <!-- smokeSuite -->
      <group name="regressionSuite">
        <method signature="GroupDependsOn2.test()[pri:0, instance:test_groupDependsOn.GroupDependsOn2@5b275dab]" name="test" class="test_groupDependsOn.GroupDependsOn2"/>
      </group> <!-- regressionSuite -->
    </groups>
    <test name="Test" duration-ms="50" started-at="2018-11-18T03:58:49Z" finished-at="2018-11-18T03:58:50Z">
      <class name="test_groupDependsOn.GroupDependsOn2">
        <test-method status="PASS" signature="test()[pri:0, instance:test_groupDependsOn.GroupDependsOn2@5b275dab]" name="test" duration-ms="17" started-at="2018-11-18T03:58:50Z" finished-at="2018-11-18T03:58:50Z">
          <reporter-output>
          </reporter-output>
        </test-method> <!-- test -->
      </class> <!-- test_groupDependsOn.GroupDependsOn2 -->
    </test> <!-- Test -->
  </suite> <!-- Suite -->
</testng-results>
